# JRE version: OpenJDK Runtime Environment (8.0_212-b03) (build 1.8.0_212-8u212-b03-0ubuntu1.16.04.1-b03)
# Java VM: OpenJDK 64-Bit Server VM (25.212-b03 mixed mode linux-amd64 compressed oops)
Heap:
 PSYoungGen      total 183808K, used 11260K [0x00000000ec100000, 0x00000000f8d80000, 0x0000000100000000)
  eden space 172544K, 0% used [0x00000000ec100000,0x00000000ec100000,0x00000000f6980000)
  from space 11264K, 99% used [0x00000000f8280000,0x00000000f8d7f058,0x00000000f8d80000)
  to   space 12800K, 0% used [0x00000000f7600000,0x00000000f7600000,0x00000000f8280000)
 ParOldGen       total 73728K, used 73634K [0x00000000c4200000, 0x00000000c8a00000, 0x00000000ec100000)
  object space 73728K, 99% used [0x00000000c4200000,0x00000000c89e8ba0,0x00000000c8a00000)
 Metaspace       used 31363K, capacity 32164K, committed 32640K, reserved 1077248K
  class space    used 3587K, capacity 3844K, committed 3968K, reserved 1048576K
GC Heap History (10 events):
Event: 9,585 GC heap after
Heap after GC invocations=8 (full 0):
 PSYoungGen      total 128000K, used 9186K [0x00000000ec100000, 0x00000000f5300000, 0x0000000100000000)
  eden space 118784K, 0% used [0x00000000ec100000,0x00000000ec100000,0x00000000f3500000)
  from space 9216K, 99% used [0x00000000f4200000,0x00000000f4af89f0,0x00000000f4b00000)
  to   space 13312K, 0% used [0x00000000f3500000,0x00000000f3500000,0x00000000f4200000)
 ParOldGen       total 40960K, used 16409K [0x00000000c4200000, 0x00000000c6a00000, 0x00000000ec100000)
  object space 40960K, 40% used [0x00000000c4200000,0x00000000c52064a8,0x00000000c6a00000)
 Metaspace       used 20487K, capacity 21068K, committed 21296K, reserved 1069056K
  class space    used 2420K, capacity 2590K, committed 2688K, reserved 1048576K
}
Event: 10,274 GC heap before
{Heap before GC invocations=9 (full 0):
 PSYoungGen      total 128000K, used 16328K [0x00000000ec100000, 0x00000000f5300000, 0x0000000100000000)
  eden space 118784K, 6% used [0x00000000ec100000,0x00000000ec7f98e8,0x00000000f3500000)
  from space 9216K, 99% used [0x00000000f4200000,0x00000000f4af89f0,0x00000000f4b00000)
  to   space 13312K, 0% used [0x00000000f3500000,0x00000000f3500000,0x00000000f4200000)
 ParOldGen       total 40960K, used 16409K [0x00000000c4200000, 0x00000000c6a00000, 0x00000000ec100000)
  object space 40960K, 40% used [0x00000000c4200000,0x00000000c52064a8,0x00000000c6a00000)
 Metaspace       used 20572K, capacity 21132K, committed 21296K, reserved 1069056K
  class space    used 2425K, capacity 2590K, committed 2688K, reserved 1048576K
Event: 10,299 GC heap after
Heap after GC invocations=9 (full 0):
 PSYoungGen      total 132096K, used 7099K [0x00000000ec100000, 0x00000000f9500000, 0x0000000100000000)
  eden space 118784K, 0% used [0x00000000ec100000,0x00000000ec100000,0x00000000f3500000)
  from space 13312K, 53% used [0x00000000f3500000,0x00000000f3beee20,0x00000000f4200000)
  to   space 13312K, 0% used [0x00000000f8800000,0x00000000f8800000,0x00000000f9500000)
 ParOldGen       total 40960K, used 19661K [0x00000000c4200000, 0x00000000c6a00000, 0x00000000ec100000)
  object space 40960K, 48% used [0x00000000c4200000,0x00000000c55334c8,0x00000000c6a00000)
 Metaspace       used 20572K, capacity 21132K, committed 21296K, reserved 1069056K
  class space    used 2425K, capacity 2590K, committed 2688K, reserved 1048576K
}
Event: 10,299 GC heap before
{Heap before GC invocations=10 (full 1):
 PSYoungGen      total 132096K, used 7099K [0x00000000ec100000, 0x00000000f9500000, 0x0000000100000000)
  eden space 118784K, 0% used [0x00000000ec100000,0x00000000ec100000,0x00000000f3500000)
  from space 13312K, 53% used [0x00000000f3500000,0x00000000f3beee20,0x00000000f4200000)
  to   space 13312K, 0% used [0x00000000f8800000,0x00000000f8800000,0x00000000f9500000)
 ParOldGen       total 40960K, used 19661K [0x00000000c4200000, 0x00000000c6a00000, 0x00000000ec100000)
  object space 40960K, 48% used [0x00000000c4200000,0x00000000c55334c8,0x00000000c6a00000)
 Metaspace       used 20572K, capacity 21132K, committed 21296K, reserved 1069056K
  class space    used 2425K, capacity 2590K, committed 2688K, reserved 1048576K
Event: 10,637 GC heap after
Heap after GC invocations=10 (full 1):
 PSYoungGen      total 132096K, used 0K [0x00000000ec100000, 0x00000000f9500000, 0x0000000100000000)
  eden space 118784K, 0% used [0x00000000ec100000,0x00000000ec100000,0x00000000f3500000)
  from space 13312K, 0% used [0x00000000f3500000,0x00000000f3500000,0x00000000f4200000)
  to   space 13312K, 0% used [0x00000000f8800000,0x00000000f8800000,0x00000000f9500000)
 ParOldGen       total 49664K, used 18691K [0x00000000c4200000, 0x00000000c7280000, 0x00000000ec100000)
  object space 49664K, 37% used [0x00000000c4200000,0x00000000c5440ed0,0x00000000c7280000)
 Metaspace       used 20572K, capacity 21132K, committed 21296K, reserved 1069056K
  class space    used 2425K, capacity 2590K, committed 2688K, reserved 1048576K
}
Event: 18,249 GC heap before
{Heap before GC invocations=11 (full 1):
 PSYoungGen      total 132096K, used 118784K [0x00000000ec100000, 0x00000000f9500000, 0x0000000100000000)
  eden space 118784K, 100% used [0x00000000ec100000,0x00000000f3500000,0x00000000f3500000)
  from space 13312K, 0% used [0x00000000f3500000,0x00000000f3500000,0x00000000f4200000)
  to   space 13312K, 0% used [0x00000000f8800000,0x00000000f8800000,0x00000000f9500000)
 ParOldGen       total 49664K, used 18691K [0x00000000c4200000, 0x00000000c7280000, 0x00000000ec100000)
  object space 49664K, 37% used [0x00000000c4200000,0x00000000c5440ed0,0x00000000c7280000)
 Metaspace       used 24646K, capacity 25426K, committed 25600K, reserved 1071104K
  class space    used 2806K, capacity 3036K, committed 3072K, reserved 1048576K
Event: 18,266 GC heap after
Heap after GC invocations=11 (full 1):
 PSYoungGen      total 151552K, used 6907K [0x00000000ec100000, 0x00000000f8f00000, 0x0000000100000000)
  eden space 144384K, 0% used [0x00000000ec100000,0x00000000ec100000,0x00000000f4e00000)
  from space 7168K, 96% used [0x00000000f8800000,0x00000000f8ebef50,0x00000000f8f00000)
  to   space 12800K, 0% used [0x00000000f7600000,0x00000000f7600000,0x00000000f8280000)
 ParOldGen       total 49664K, used 18699K [0x00000000c4200000, 0x00000000c7280000, 0x00000000ec100000)
  object space 49664K, 37% used [0x00000000c4200000,0x00000000c5442ed0,0x00000000c7280000)
 Metaspace       used 24646K, capacity 25426K, committed 25600K, reserved 1071104K
  class space    used 2806K, capacity 3036K, committed 3072K, reserved 1048576K
}
Event: 26,474 GC heap before
{Heap before GC invocations=12 (full 1):
 PSYoungGen      total 151552K, used 151291K [0x00000000ec100000, 0x00000000f8f00000, 0x0000000100000000)
  eden space 144384K, 100% used [0x00000000ec100000,0x00000000f4e00000,0x00000000f4e00000)
  from space 7168K, 96% used [0x00000000f8800000,0x00000000f8ebef50,0x00000000f8f00000)
  to   space 12800K, 0% used [0x00000000f7600000,0x00000000f7600000,0x00000000f8280000)
 ParOldGen       total 49664K, used 18699K [0x00000000c4200000, 0x00000000c7280000, 0x00000000ec100000)
  object space 49664K, 37% used [0x00000000c4200000,0x00000000c5442ed0,0x00000000c7280000)
 Metaspace       used 31337K, capacity 32164K, committed 32640K, reserved 1077248K
  class space    used 3587K, capacity 3844K, committed 3968K, reserved 1048576K
Event: 26,600 GC heap after
Heap after GC invocations=12 (full 1):
 PSYoungGen      total 185344K, used 12770K [0x00000000ec100000, 0x00000000f8d80000, 0x0000000100000000)
  eden space 172544K, 0% used [0x00000000ec100000,0x00000000ec100000,0x00000000f6980000)
  from space 12800K, 99% used [0x00000000f7600000,0x00000000f82789c8,0x00000000f8280000)
  to   space 11264K, 0% used [0x00000000f8280000,0x00000000f8280000,0x00000000f8d80000)
 ParOldGen       total 49664K, used 29736K [0x00000000c4200000, 0x00000000c7280000, 0x00000000ec100000)
  object space 49664K, 59% used [0x00000000c4200000,0x00000000c5f0a0f8,0x00000000c7280000)
 Metaspace       used 31337K, capacity 32164K, committed 32640K, reserved 1077248K
  class space    used 3587K, capacity 3844K, committed 3968K, reserved 1048576K
}
Event: 28,919 GC heap before
{Heap before GC invocations=13 (full 1):
 PSYoungGen      total 185344K, used 185314K [0x00000000ec100000, 0x00000000f8d80000, 0x0000000100000000)
  eden space 172544K, 100% used [0x00000000ec100000,0x00000000f6980000,0x00000000f6980000)
  from space 12800K, 99% used [0x00000000f7600000,0x00000000f82789c8,0x00000000f8280000)
  to   space 11264K, 0% used [0x00000000f8280000,0x00000000f8280000,0x00000000f8d80000)
 ParOldGen       total 49664K, used 29736K [0x00000000c4200000, 0x00000000c7280000, 0x00000000ec100000)
  object space 49664K, 59% used [0x00000000c4200000,0x00000000c5f0a0f8,0x00000000c7280000)
 Metaspace       used 31363K, capacity 32164K, committed 32640K, reserved 1077248K
  class space    used 3587K, capacity 3844K, committed 3968K, reserved 1048576K

